<?xml version="1.0" encoding="UTF-8"?>
<testsuite xmlns:xsi="http://www.w3.org/2001/XMLSchema-instance" xsi:noNamespaceSchemaLocation="https://maven.apache.org/surefire/maven-surefire-plugin/xsd/surefire-test-report-3.0.xsd" version="3.0" name="com.services.spring.test.MyBatisJUnitTest" time="0.726" tests="1" errors="0" skipped="0" failures="0">
  <properties>
[...]
</properties>
  <testcase name="unit" classname="com.services.spring.test.MyBatisJUnitTest" time="0.698">
    <system-out><![CDATA[========== addProduct ==========
1건 등록 완료
========== findProductByName ==========
MyProduct [id=1, name=통돌이세탁기5, maker=LG, price=5555776]
MyProduct [id=2, name=통돌이세탁기5, maker=LG, price=5555776]
========== findProductByMaker ==========
MyProduct [id=1, name=통돌이세탁기5, maker=LG, price=5555776]
MyProduct [id=2, name=통돌이세탁기5, maker=LG, price=5555776]
========== findProducts ==========
MyProduct [id=1, name=통돌이세탁기5, maker=LG, price=5555776]
MyProduct [id=2, name=통돌이세탁기5, maker=LG, price=5555776]
]]></system-out>
    <system-err><![CDATA[Thu Oct 03 23:17:07 KST 2024 WARN: Caught while disconnecting...

EXCEPTION STACK TRACE:



** BEGIN NESTED EXCEPTION ** 

javax.net.ssl.SSLException
MESSAGE: closing inbound before receiving peer's close_notify

STACKTRACE:

javax.net.ssl.SSLException: closing inbound before receiving peer's close_notify
	at java.base/sun.security.ssl.SSLSocketImpl.shutdownInput(SSLSocketImpl.java:846)
	at java.base/sun.security.ssl.SSLSocketImpl.shutdownInput(SSLSocketImpl.java:824)
	at com.mysql.cj.protocol.a.NativeProtocol.quit(NativeProtocol.java:1319)
	at com.mysql.cj.NativeSession.quit(NativeSession.java:182)
	at com.mysql.cj.jdbc.ConnectionImpl.realClose(ConnectionImpl.java:1750)
	at com.mysql.cj.jdbc.ConnectionImpl.close(ConnectionImpl.java:720)
	at org.apache.ibatis.transaction.jdbc.JdbcTransaction.close(JdbcTransaction.java:93)
	at org.apache.ibatis.executor.BaseExecutor.close(BaseExecutor.java:90)
	at org.apache.ibatis.executor.CachingExecutor.close(CachingExecutor.java:64)
	at org.apache.ibatis.session.defaults.DefaultSqlSession.close(DefaultSqlSession.java:263)
	at com.services.spring.test.MyBatisJUnitTest.unit(MyBatisJUnitTest.java:46)
	at java.base/jdk.internal.reflect.DirectMethodHandleAccessor.invoke(DirectMethodHandleAccessor.java:103)
	at java.base/java.lang.reflect.Method.invoke(Method.java:580)
	at org.junit.runners.model.FrameworkMethod$1.runReflectiveCall(FrameworkMethod.java:44)
	at org.junit.internal.runners.model.ReflectiveCallable.run(ReflectiveCallable.java:15)
	at org.junit.runners.model.FrameworkMethod.invokeExplosively(FrameworkMethod.java:41)
	at org.junit.internal.runners.statements.InvokeMethod.evaluate(InvokeMethod.java:20)
	at org.junit.runners.BlockJUnit4ClassRunner.runChild(BlockJUnit4ClassRunner.java:76)
	at org.junit.runners.BlockJUnit4ClassRunner.runChild(BlockJUnit4ClassRunner.java:50)
	at org.junit.runners.ParentRunner$3.run(ParentRunner.java:193)
	at org.junit.runners.ParentRunner$1.schedule(ParentRunner.java:52)
	at org.junit.runners.ParentRunner.runChildren(ParentRunner.java:191)
	at org.junit.runners.ParentRunner.access$000(ParentRunner.java:42)
	at org.junit.runners.ParentRunner$2.evaluate(ParentRunner.java:184)
	at org.junit.runners.ParentRunner.run(ParentRunner.java:236)
	at org.apache.maven.surefire.junit4.JUnit4Provider.execute(JUnit4Provider.java:316)
	at org.apache.maven.surefire.junit4.JUnit4Provider.executeWithRerun(JUnit4Provider.java:240)
	at org.apache.maven.surefire.junit4.JUnit4Provider.executeTestSet(JUnit4Provider.java:214)
	at org.apache.maven.surefire.junit4.JUnit4Provider.invoke(JUnit4Provider.java:155)
	at org.apache.maven.surefire.booter.ForkedBooter.runSuitesInProcess(ForkedBooter.java:385)
	at org.apache.maven.surefire.booter.ForkedBooter.execute(ForkedBooter.java:162)
	at org.apache.maven.surefire.booter.ForkedBooter.run(ForkedBooter.java:507)
	at org.apache.maven.surefire.booter.ForkedBooter.main(ForkedBooter.java:495)


** END NESTED EXCEPTION **


]]></system-err>
  </testcase>
</testsuite>